  Application.cpp
C:\Dev\OpenGL-basics\OpenGL-basics\src\Application.cpp(16,35): warning C4305: 'initializing': truncation from 'double' to 'float'
C:\Dev\OpenGL-basics\OpenGL-basics\src\Application.cpp(54,32): warning C4267: '=': conversion from 'size_t' to 'unsigned int', possible loss of data
C:\Dev\OpenGL-basics\OpenGL-basics\src\Application.cpp(76,90): warning C4267: 'argument': conversion from 'size_t' to 'int', possible loss of data
  IndexBuffer.cpp
  Material.cpp
  Object.cpp
  OPENGL.cpp
  Renderer.cpp
  Shader.cpp
C:\Dev\OpenGL-basics\OpenGL-basics\src\Shader.cpp(66,5): warning C4267: 'argument': conversion from 'size_t' to 'GLsizei', possible loss of data
  Texture.cpp
  glm.cpp
  imgui.cpp
  imgui_demo.cpp
  imgui_draw.cpp
  imgui_impl_glfw.cpp
  imgui_impl_opengl3.cpp
  imgui_widgets.cpp
  stbimage.cpp
  VertexArray.cpp
C:\Dev\OpenGL-basics\OpenGL-basics\src\VertexArray.cpp(25,3): warning C4312: 'type cast': conversion from 'unsigned int' to 'const void *' of greater size
  VertexBuffer.cpp
  VertexBufferLayout.cpp
  Generating Code...
Application.obj : error LNK2019: unresolved external symbol glfwWindowShouldClose referenced in function main
IndexBuffer.obj : error LNK2001: unresolved external symbol __imp___glewBindBuffer
imgui_impl_opengl3.obj : error LNK2001: unresolved external symbol __imp___glewBindBuffer
VertexBuffer.obj : error LNK2001: unresolved external symbol __imp___glewBindBuffer
IndexBuffer.obj : error LNK2001: unresolved external symbol __imp___glewBufferData
imgui_impl_opengl3.obj : error LNK2001: unresolved external symbol __imp___glewBufferData
VertexBuffer.obj : error LNK2001: unresolved external symbol __imp___glewBufferData
IndexBuffer.obj : error LNK2001: unresolved external symbol __imp___glewDeleteBuffers
imgui_impl_opengl3.obj : error LNK2001: unresolved external symbol __imp___glewDeleteBuffers
VertexBuffer.obj : error LNK2001: unresolved external symbol __imp___glewDeleteBuffers
IndexBuffer.obj : error LNK2001: unresolved external symbol __imp___glewGenBuffers
imgui_impl_opengl3.obj : error LNK2001: unresolved external symbol __imp___glewGenBuffers
VertexBuffer.obj : error LNK2001: unresolved external symbol __imp___glewGenBuffers
Renderer.obj : error LNK2019: unresolved external symbol __imp_glewInit referenced in function "public: __cdecl Renderer::Renderer(void)" (??0Renderer@@QEAA@XZ)
Renderer.obj : error LNK2019: unresolved external symbol glfwInit referenced in function "public: __cdecl Renderer::Renderer(void)" (??0Renderer@@QEAA@XZ)
Renderer.obj : error LNK2019: unresolved external symbol glfwTerminate referenced in function "public: __cdecl Renderer::Renderer(void)" (??0Renderer@@QEAA@XZ)
Renderer.obj : error LNK2019: unresolved external symbol glfwCreateWindow referenced in function "public: __cdecl Renderer::Renderer(void)" (??0Renderer@@QEAA@XZ)
Renderer.obj : error LNK2019: unresolved external symbol glfwPollEvents referenced in function "public: void __cdecl Renderer::DrawFrame(void)" (?DrawFrame@Renderer@@QEAAXXZ)
Renderer.obj : error LNK2019: unresolved external symbol glfwMakeContextCurrent referenced in function "public: __cdecl Renderer::Renderer(void)" (??0Renderer@@QEAA@XZ)
Renderer.obj : error LNK2019: unresolved external symbol glfwSwapBuffers referenced in function "public: void __cdecl Renderer::DrawFrame(void)" (?DrawFrame@Renderer@@QEAAXXZ)
Renderer.obj : error LNK2019: unresolved external symbol glfwSwapInterval referenced in function "public: __cdecl Renderer::Renderer(void)" (??0Renderer@@QEAA@XZ)
Shader.obj : error LNK2001: unresolved external symbol __imp___glewAttachShader
imgui_impl_opengl3.obj : error LNK2001: unresolved external symbol __imp___glewAttachShader
Shader.obj : error LNK2001: unresolved external symbol __imp___glewCompileShader
imgui_impl_opengl3.obj : error LNK2001: unresolved external symbol __imp___glewCompileShader
Shader.obj : error LNK2001: unresolved external symbol __imp___glewCreateProgram
imgui_impl_opengl3.obj : error LNK2001: unresolved external symbol __imp___glewCreateProgram
Shader.obj : error LNK2001: unresolved external symbol __imp___glewCreateShader
imgui_impl_opengl3.obj : error LNK2001: unresolved external symbol __imp___glewCreateShader
Shader.obj : error LNK2001: unresolved external symbol __imp___glewDeleteProgram
imgui_impl_opengl3.obj : error LNK2001: unresolved external symbol __imp___glewDeleteProgram
Shader.obj : error LNK2001: unresolved external symbol __imp___glewDeleteShader
imgui_impl_opengl3.obj : error LNK2001: unresolved external symbol __imp___glewDeleteShader
Shader.obj : error LNK2001: unresolved external symbol __imp___glewGetShaderInfoLog
imgui_impl_opengl3.obj : error LNK2001: unresolved external symbol __imp___glewGetShaderInfoLog
Shader.obj : error LNK2001: unresolved external symbol __imp___glewGetShaderiv
imgui_impl_opengl3.obj : error LNK2001: unresolved external symbol __imp___glewGetShaderiv
Shader.obj : error LNK2001: unresolved external symbol __imp___glewGetUniformLocation
imgui_impl_opengl3.obj : error LNK2001: unresolved external symbol __imp___glewGetUniformLocation
Shader.obj : error LNK2001: unresolved external symbol __imp___glewLinkProgram
imgui_impl_opengl3.obj : error LNK2001: unresolved external symbol __imp___glewLinkProgram
Shader.obj : error LNK2001: unresolved external symbol __imp___glewShaderSource
imgui_impl_opengl3.obj : error LNK2001: unresolved external symbol __imp___glewShaderSource
Shader.obj : error LNK2001: unresolved external symbol __imp___glewUniform1f
Shader.obj : error LNK2001: unresolved external symbol __imp___glewUniform1i
imgui_impl_opengl3.obj : error LNK2001: unresolved external symbol __imp___glewUniform1i
Shader.obj : error LNK2001: unresolved external symbol __imp___glewUniform3f
Shader.obj : error LNK2001: unresolved external symbol __imp___glewUniform3fv
Shader.obj : error LNK2001: unresolved external symbol __imp___glewUniform4f
Shader.obj : error LNK2001: unresolved external symbol __imp___glewUniformMatrix4fv
imgui_impl_opengl3.obj : error LNK2001: unresolved external symbol __imp___glewUniformMatrix4fv
Shader.obj : error LNK2001: unresolved external symbol __imp___glewUseProgram
imgui_impl_opengl3.obj : error LNK2001: unresolved external symbol __imp___glewUseProgram
Shader.obj : error LNK2001: unresolved external symbol __imp___glewValidateProgram
Texture.obj : error LNK2001: unresolved external symbol __imp___glewActiveTexture
imgui_impl_opengl3.obj : error LNK2001: unresolved external symbol __imp___glewActiveTexture
imgui_impl_glfw.obj : error LNK2019: unresolved external symbol glfwSetErrorCallback referenced in function "bool __cdecl ImGui_ImplGlfw_Init(struct GLFWwindow *,bool,enum GlfwClientApi)" (?ImGui_ImplGlfw_Init@@YA_NPEAUGLFWwindow@@_NW4GlfwClientApi@@@Z)
imgui_impl_glfw.obj : error LNK2019: unresolved external symbol glfwGetWindowSize referenced in function "void __cdecl ImGui_ImplGlfw_NewFrame(void)" (?ImGui_ImplGlfw_NewFrame@@YAXXZ)
imgui_impl_glfw.obj : error LNK2019: unresolved external symbol glfwGetFramebufferSize referenced in function "void __cdecl ImGui_ImplGlfw_NewFrame(void)" (?ImGui_ImplGlfw_NewFrame@@YAXXZ)
imgui_impl_glfw.obj : error LNK2019: unresolved external symbol glfwGetWindowAttrib referenced in function "void __cdecl ImGui_ImplGlfw_UpdateMousePosAndButtons(void)" (?ImGui_ImplGlfw_UpdateMousePosAndButtons@@YAXXZ)
imgui_impl_glfw.obj : error LNK2019: unresolved external symbol glfwGetInputMode referenced in function "void __cdecl ImGui_ImplGlfw_UpdateMouseCursor(void)" (?ImGui_ImplGlfw_UpdateMouseCursor@@YAXXZ)
imgui_impl_glfw.obj : error LNK2019: unresolved external symbol glfwSetInputMode referenced in function "void __cdecl ImGui_ImplGlfw_UpdateMouseCursor(void)" (?ImGui_ImplGlfw_UpdateMouseCursor@@YAXXZ)
imgui_impl_glfw.obj : error LNK2019: unresolved external symbol glfwGetMouseButton referenced in function "void __cdecl ImGui_ImplGlfw_UpdateMousePosAndButtons(void)" (?ImGui_ImplGlfw_UpdateMousePosAndButtons@@YAXXZ)
imgui_impl_glfw.obj : error LNK2019: unresolved external symbol glfwGetCursorPos referenced in function "void __cdecl ImGui_ImplGlfw_UpdateMousePosAndButtons(void)" (?ImGui_ImplGlfw_UpdateMousePosAndButtons@@YAXXZ)
imgui_impl_glfw.obj : error LNK2019: unresolved external symbol glfwSetCursorPos referenced in function "void __cdecl ImGui_ImplGlfw_UpdateMousePosAndButtons(void)" (?ImGui_ImplGlfw_UpdateMousePosAndButtons@@YAXXZ)
imgui_impl_glfw.obj : error LNK2019: unresolved external symbol glfwCreateStandardCursor referenced in function "bool __cdecl ImGui_ImplGlfw_Init(struct GLFWwindow *,bool,enum GlfwClientApi)" (?ImGui_ImplGlfw_Init@@YA_NPEAUGLFWwindow@@_NW4GlfwClientApi@@@Z)
imgui_impl_glfw.obj : error LNK2019: unresolved external symbol glfwDestroyCursor referenced in function "void __cdecl ImGui_ImplGlfw_Shutdown(void)" (?ImGui_ImplGlfw_Shutdown@@YAXXZ)
imgui_impl_glfw.obj : error LNK2019: unresolved external symbol glfwSetCursor referenced in function "void __cdecl ImGui_ImplGlfw_UpdateMouseCursor(void)" (?ImGui_ImplGlfw_UpdateMouseCursor@@YAXXZ)
imgui_impl_glfw.obj : error LNK2019: unresolved external symbol glfwSetKeyCallback referenced in function "bool __cdecl ImGui_ImplGlfw_Init(struct GLFWwindow *,bool,enum GlfwClientApi)" (?ImGui_ImplGlfw_Init@@YA_NPEAUGLFWwindow@@_NW4GlfwClientApi@@@Z)
imgui_impl_glfw.obj : error LNK2019: unresolved external symbol glfwSetCharCallback referenced in function "bool __cdecl ImGui_ImplGlfw_Init(struct GLFWwindow *,bool,enum GlfwClientApi)" (?ImGui_ImplGlfw_Init@@YA_NPEAUGLFWwindow@@_NW4GlfwClientApi@@@Z)
imgui_impl_glfw.obj : error LNK2019: unresolved external symbol glfwSetMouseButtonCallback referenced in function "bool __cdecl ImGui_ImplGlfw_Init(struct GLFWwindow *,bool,enum GlfwClientApi)" (?ImGui_ImplGlfw_Init@@YA_NPEAUGLFWwindow@@_NW4GlfwClientApi@@@Z)
imgui_impl_glfw.obj : error LNK2019: unresolved external symbol glfwSetScrollCallback referenced in function "bool __cdecl ImGui_ImplGlfw_Init(struct GLFWwindow *,bool,enum GlfwClientApi)" (?ImGui_ImplGlfw_Init@@YA_NPEAUGLFWwindow@@_NW4GlfwClientApi@@@Z)
imgui_impl_glfw.obj : error LNK2019: unresolved external symbol glfwGetJoystickAxes referenced in function "void __cdecl ImGui_ImplGlfw_UpdateGamepads(void)" (?ImGui_ImplGlfw_UpdateGamepads@@YAXXZ)
imgui_impl_glfw.obj : error LNK2019: unresolved external symbol glfwGetJoystickButtons referenced in function "void __cdecl ImGui_ImplGlfw_UpdateGamepads(void)" (?ImGui_ImplGlfw_UpdateGamepads@@YAXXZ)
imgui_impl_glfw.obj : error LNK2019: unresolved external symbol glfwSetClipboardString referenced in function "void __cdecl ImGui_ImplGlfw_SetClipboardText(void *,char const *)" (?ImGui_ImplGlfw_SetClipboardText@@YAXPEAXPEBD@Z)
imgui_impl_glfw.obj : error LNK2019: unresolved external symbol glfwGetClipboardString referenced in function "char const * __cdecl ImGui_ImplGlfw_GetClipboardText(void *)" (?ImGui_ImplGlfw_GetClipboardText@@YAPEBDPEAX@Z)
imgui_impl_glfw.obj : error LNK2019: unresolved external symbol glfwGetTime referenced in function "void __cdecl ImGui_ImplGlfw_NewFrame(void)" (?ImGui_ImplGlfw_NewFrame@@YAXXZ)
imgui_impl_glfw.obj : error LNK2019: unresolved external symbol glfwGetWin32Window referenced in function "bool __cdecl ImGui_ImplGlfw_Init(struct GLFWwindow *,bool,enum GlfwClientApi)" (?ImGui_ImplGlfw_Init@@YA_NPEAUGLFWwindow@@_NW4GlfwClientApi@@@Z)
imgui_impl_opengl3.obj : error LNK2001: unresolved external symbol __imp___glewBlendEquation
imgui_impl_opengl3.obj : error LNK2001: unresolved external symbol __imp___glewBlendFuncSeparate
imgui_impl_opengl3.obj : error LNK2001: unresolved external symbol __imp___glewBlendEquationSeparate
imgui_impl_opengl3.obj : error LNK2001: unresolved external symbol __imp___glewDetachShader
imgui_impl_opengl3.obj : error LNK2001: unresolved external symbol __imp___glewEnableVertexAttribArray
VertexArray.obj : error LNK2001: unresolved external symbol __imp___glewEnableVertexAttribArray
imgui_impl_opengl3.obj : error LNK2001: unresolved external symbol __imp___glewGetAttribLocation
imgui_impl_opengl3.obj : error LNK2001: unresolved external symbol __imp___glewGetProgramInfoLog
imgui_impl_opengl3.obj : error LNK2001: unresolved external symbol __imp___glewGetProgramiv
imgui_impl_opengl3.obj : error LNK2001: unresolved external symbol __imp___glewVertexAttribPointer
VertexArray.obj : error LNK2001: unresolved external symbol __imp___glewVertexAttribPointer
imgui_impl_opengl3.obj : error LNK2001: unresolved external symbol __imp___glewDrawElementsBaseVertex
imgui_impl_opengl3.obj : error LNK2001: unresolved external symbol __imp___glewBindSampler
imgui_impl_opengl3.obj : error LNK2001: unresolved external symbol __imp___glewBindVertexArray
VertexArray.obj : error LNK2001: unresolved external symbol __imp___glewBindVertexArray
imgui_impl_opengl3.obj : error LNK2001: unresolved external symbol __imp___glewDeleteVertexArrays
VertexArray.obj : error LNK2001: unresolved external symbol __imp___glewDeleteVertexArrays
imgui_impl_opengl3.obj : error LNK2001: unresolved external symbol __imp___glewGenVertexArrays
VertexArray.obj : error LNK2001: unresolved external symbol __imp___glewGenVertexArrays
C:\Dev\OpenGL-basics\Dependencies\GLEW\lib\Release\Win32\glew32s.lib : warning LNK4272: library machine type 'x86' conflicts with target machine type 'x64'
C:\Dev\OpenGL-basics\Dependencies\GLFW\lib-vc2019\glfw3.lib : warning LNK4272: library machine type 'x86' conflicts with target machine type 'x64'
C:\Dev\OpenGL-basics\Debug\OpenGL-basics-x64.exe : fatal error LNK1120: 69 unresolved externals
